<?xml version="1.0" encoding="UTF-8"?>
<!-- Generated by org.testng.reporters.JUnitReportReporter -->
<testsuite hostname="Nataly-VAIO" failures="0" tests="1" name="es.zatro.WebpageTests" time="63.517" errors="0" timestamp="2019-09-15T13:49:51 CEST" skipped="0">
  <testcase classname="es.zatro.WebpageTests" name="testWebsite" time="63.517"/>
</testsuite> <!-- es.zatro.WebpageTests -->
